0 info it worked if it ends with ok
1 verbose cli [ '/Users/matthew/.nvm/versions/node/v5.3.0/bin/node',
1 verbose cli   '/Users/matthew/.nvm/versions/node/v5.3.0/bin/npm',
1 verbose cli   'publish' ]
2 info using npm@3.4.1
3 info using node@v5.3.0
4 verbose publish [ '.' ]
5 verbose stack Error: Failed to parse json
5 verbose stack Unexpected token 'a' at 17:4
5 verbose stack   "author": "Matthew Phillips",
5 verbose stack    ^
5 verbose stack     at parseError (/Users/matthew/.nvm/versions/node/v5.3.0/lib/node_modules/npm/node_modules/read-package-json/read-json.js:379:11)
5 verbose stack     at parseJson (/Users/matthew/.nvm/versions/node/v5.3.0/lib/node_modules/npm/node_modules/read-package-json/read-json.js:68:23)
5 verbose stack     at /Users/matthew/.nvm/versions/node/v5.3.0/lib/node_modules/npm/node_modules/read-package-json/read-json.js:48:5
5 verbose stack     at /Users/matthew/.nvm/versions/node/v5.3.0/lib/node_modules/npm/node_modules/graceful-fs/graceful-fs.js:76:16
5 verbose stack     at tryToString (fs.js:414:3)
5 verbose stack     at FSReqWrap.readFileAfterClose [as oncomplete] (fs.js:401:12)
6 verbose cwd /Users/matthew/Projects/bram
7 error Darwin 14.5.0
8 error argv "/Users/matthew/.nvm/versions/node/v5.3.0/bin/node" "/Users/matthew/.nvm/versions/node/v5.3.0/bin/npm" "publish"
9 error node v5.3.0
10 error npm  v3.4.1
11 error file /Users/matthew/Projects/bram/package.json
12 error code EJSONPARSE
13 error Failed to parse json
13 error Unexpected token 'a' at 17:4
13 error   "author": "Matthew Phillips",
13 error    ^
14 error File: /Users/matthew/Projects/bram/package.json
15 error Failed to parse package.json data.
15 error package.json must be actual JSON, not just JavaScript.
15 error
15 error This is not a bug in npm.
15 error Tell the package author to fix their package.json file. JSON.parse
16 verbose exit [ 1, true ]
